<?xml version="1.0" encoding="utf-8"?><testsuites name="pytest tests"><testsuite name="pytest" errors="0" failures="0" skipped="0" tests="11" time="3.246" timestamp="2026-04-27T04:06:53.605935+00:00" hostname="agent-env-d959e9ee-218c-4e10-bfe4-0df59c01b615"><testcase classname="backend.tests.test_phase3_stills.TestShotStillFields" name="test_new_shot_has_still_fields" time="0.311" /><testcase classname="backend.tests.test_phase3_stills.TestCreateStillIteration" name="test_still_increments_still_count_not_attempt" time="0.243" /><testcase classname="backend.tests.test_phase3_stills.TestCreateStillIteration" name="test_still_final_promotes_current_still_not_status" time="0.245" /><testcase classname="backend.tests.test_phase3_stills.TestCreateStillIteration" name="test_still_attempt_number_independent_of_video" time="0.339" /><testcase classname="backend.tests.test_phase3_stills.TestCreateVideoIteration" name="test_video_default_when_kind_omitted" time="0.240" /><testcase classname="backend.tests.test_phase3_stills.TestCreateVideoIteration" name="test_video_final_sets_status_final_and_thumbnail" time="0.239" /><testcase classname="backend.tests.test_phase3_stills.TestListIterationsKindFilter" name="test_filter_by_kind" time="0.422" /><testcase classname="backend.tests.test_phase3_stills.TestDeleteIterationCounter" name="test_delete_still_decrements_still_count" time="0.331" /><testcase classname="backend.tests.test_phase3_stills.TestDeleteIterationCounter" name="test_delete_video_decrements_attempt_count" time="0.329" /><testcase classname="backend.tests.test_phase3_stills.TestLessonsIncludeKind" name="test_lessons_iterations_include_kind" time="0.301" /><testcase classname="backend.tests.test_phase3_stills.TestUnseenIntegrity" name="test_unseen_shots_have_still_fields" time="0.105" /></testsuite></testsuites>