<?xml version="1.0" encoding="utf-8"?><testsuites name="pytest tests"><testsuite name="pytest" errors="0" failures="0" skipped="0" tests="15" time="3.003" timestamp="2026-04-26T12:02:19.714115+00:00" hostname="agent-env-d959e9ee-218c-4e10-bfe4-0df59c01b615"><testcase classname="backend.tests.test_film_tracker.TestFilms" name="test_list_films_seeded" time="0.214" /><testcase classname="backend.tests.test_film_tracker.TestFilms" name="test_get_film" time="0.119" /><testcase classname="backend.tests.test_film_tracker.TestFilms" name="test_create_update_delete_film" time="0.390" /><testcase classname="backend.tests.test_film_tracker.TestFilms" name="test_film_not_found" time="0.044" /><testcase classname="backend.tests.test_film_tracker.TestShots" name="test_list_shots_count_and_order" time="0.054" /><testcase classname="backend.tests.test_film_tracker.TestShots" name="test_status_distribution" time="0.050" /><testcase classname="backend.tests.test_film_tracker.TestShots" name="test_act_distribution" time="0.049" /><testcase classname="backend.tests.test_film_tracker.TestShots" name="test_get_shot" time="0.093" /><testcase classname="backend.tests.test_film_tracker.TestShots" name="test_create_shot_sort_key" time="0.325" /><testcase classname="backend.tests.test_film_tracker.TestIterations" name="test_validation_what_failed_required" time="0.183" /><testcase classname="backend.tests.test_film_tracker.TestIterations" name="test_validation_what_worked_required" time="0.190" /><testcase classname="backend.tests.test_film_tracker.TestIterations" name="test_attempt_auto_increment" time="0.324" /><testcase classname="backend.tests.test_film_tracker.TestIterations" name="test_decision_final_promotes_thumbnail" time="0.230" /><testcase classname="backend.tests.test_film_tracker.TestIterations" name="test_final_does_not_auto_downgrade" time="0.277" /><testcase classname="backend.tests.test_film_tracker.TestIterations" name="test_delete_iteration_decrements" time="0.333" /></testsuite></testsuites>