<?xml version="1.0" encoding="utf-8"?><testsuites name="pytest tests"><testsuite name="pytest" errors="0" failures="1" skipped="0" tests="30" time="7.081" timestamp="2026-04-26T12:22:00.312778+00:00" hostname="agent-env-d959e9ee-218c-4e10-bfe4-0df59c01b615"><testcase classname="backend.tests.test_phase2.TestImport" name="test_markdown_import_creates_shots" time="0.361" /><testcase classname="backend.tests.test_phase2.TestImport" name="test_csv_import_works" time="0.148" /><testcase classname="backend.tests.test_phase2.TestImport" name="test_import_upserts_existing" time="0.233" /><testcase classname="backend.tests.test_phase2.TestImport" name="test_tolerant_column_aliases" time="0.205" /><testcase classname="backend.tests.test_phase2.TestImport" name="test_import_film_not_found" time="0.046" /><testcase classname="backend.tests.test_phase2.TestLessons" name="test_lessons_groups_and_summary" time="0.364" /><testcase classname="backend.tests.test_phase2.TestLessons" name="test_lessons_empty" time="0.133" /><testcase classname="backend.tests.test_phase2.TestCharacters" name="test_create_lists_defaults" time="0.204" /><testcase classname="backend.tests.test_phase2.TestCharacters" name="test_patch_updates_protocol_and_images" time="0.227" /><testcase classname="backend.tests.test_phase2.TestCharacters" name="test_delete_pulls_from_shot_character_ids" time="0.347" /><testcase classname="backend.tests.test_phase2.TestCharacters" name="test_shots_for_character" time="0.237" /><testcase classname="backend.tests.test_phase2.TestLocations" name="test_crud_and_shot_clear" time="0.469" /><testcase classname="backend.tests.test_phase2.TestShotLinking" name="test_patch_shot_character_and_location" time="0.415" /><testcase classname="backend.tests.test_phase2.TestCascadeDelete" name="test_film_delete_removes_chars_and_locs" time="0.267" /><testcase classname="backend.tests.test_phase2.TestUnseenIntegrity" name="test_unseen_still_41_shots" time="0.104" /><testcase classname="backend.tests.test_film_tracker.TestFilms" name="test_list_films_seeded" time="0.163" /><testcase classname="backend.tests.test_film_tracker.TestFilms" name="test_get_film" time="0.095" /><testcase classname="backend.tests.test_film_tracker.TestFilms" name="test_create_update_delete_film" time="0.368" /><testcase classname="backend.tests.test_film_tracker.TestFilms" name="test_film_not_found" time="0.046" /><testcase classname="backend.tests.test_film_tracker.TestShots" name="test_list_shots_count_and_order" time="0.054" /><testcase classname="backend.tests.test_film_tracker.TestShots" name="test_status_distribution" time="0.052"><failure message="AssertionError: assert 14 == 13&#10; +  where 14 = &lt;built-in method get of Counter object at 0xfc43bb5661b0&gt;('FINAL', 0)&#10; +    where &lt;built-in method get of Counter object at 0xfc43bb5661b0&gt; = Counter({'NOT STARTED': 21, 'FINAL': 14, 'IN PROGRESS': 5, 'CUT': 1}).get">backend/tests/test_film_tracker.py:117: in test_status_distribution
    assert c.get("FINAL", 0) == 13
E   AssertionError: assert 14 == 13
E    +  where 14 = &lt;built-in method get of Counter object at 0xfc43bb5661b0&gt;('FINAL', 0)
E    +    where &lt;built-in method get of Counter object at 0xfc43bb5661b0&gt; = Counter({'NOT STARTED': 21, 'FINAL': 14, 'IN PROGRESS': 5, 'CUT': 1}).get</failure></testcase><testcase classname="backend.tests.test_film_tracker.TestShots" name="test_act_distribution" time="0.049" /><testcase classname="backend.tests.test_film_tracker.TestShots" name="test_get_shot" time="0.095" /><testcase classname="backend.tests.test_film_tracker.TestShots" name="test_create_shot_sort_key" time="0.352" /><testcase classname="backend.tests.test_film_tracker.TestIterations" name="test_validation_what_failed_required" time="0.215" /><testcase classname="backend.tests.test_film_tracker.TestIterations" name="test_validation_what_worked_required" time="0.214" /><testcase classname="backend.tests.test_film_tracker.TestIterations" name="test_attempt_auto_increment" time="0.379" /><testcase classname="backend.tests.test_film_tracker.TestIterations" name="test_decision_final_promotes_thumbnail" time="0.266" /><testcase classname="backend.tests.test_film_tracker.TestIterations" name="test_final_does_not_auto_downgrade" time="0.325" /><testcase classname="backend.tests.test_film_tracker.TestIterations" name="test_delete_iteration_decrements" time="0.560" /></testsuite></testsuites>